0 info it worked if it ends with ok
1 verbose cli [ 'C:\\Program Files\\nodejs\\node.exe',
1 verbose cli   'C:\\Users\\cheddi\\AppData\\Roaming\\npm\\node_modules\\npm\\bin\\npm-cli.js',
1 verbose cli   'i',
1 verbose cli   'fsevents' ]
2 info using npm@3.8.1
3 info using node@v5.8.0
4 silly loadCurrentTree Starting
5 silly install loadCurrentTree
6 silly install readLocalPackageData
7 silly fetchPackageMetaData fsevents
8 silly fetchNamedPackageData fsevents
9 silly mapToRegistry name fsevents
10 silly mapToRegistry using default registry
11 silly mapToRegistry registry https://registry.npmjs.org/
12 silly mapToRegistry uri https://registry.npmjs.org/fsevents
13 verbose request uri https://registry.npmjs.org/fsevents
14 verbose request no auth needed
15 info attempt registry request try #1 at 4:24:21 PM
16 verbose request id edf8852bedda5e07
17 verbose etag W/"bcffea2f69aac7abfa570bf3b20de6a0"
18 verbose lastModified Fri, 18 Jan 2019 15:54:31 GMT
19 http request GET https://registry.npmjs.org/fsevents
20 http 304 https://registry.npmjs.org/fsevents
21 verbose headers { date: 'Sun, 24 Feb 2019 00:24:23 GMT',
21 verbose headers   connection: 'keep-alive',
21 verbose headers   'set-cookie': [ '__cfduid=d5c3a39fde8aff523eca2f3f7f7216bab1550967863; expires=Mon, 24-Feb-20 00:24:23 GMT; path=/; domain=.registry.npmjs.org; HttpOnly' ],
21 verbose headers   'cf-cache-status': 'HIT',
21 verbose headers   'cache-control': 'max-age=300',
21 verbose headers   'cf-ray': '4addc9f8ae7f28a6-SJC',
21 verbose headers   etag: '"bcffea2f69aac7abfa570bf3b20de6a0"',
21 verbose headers   'expect-ct': 'max-age=604800, report-uri="https://report-uri.cloudflare.com/cdn-cgi/beacon/expect-ct"',
21 verbose headers   'last-modified': 'Fri, 18 Jan 2019 15:54:31 GMT',
21 verbose headers   vary: 'accept-encoding, accept',
21 verbose headers   'x-amz-meta-rev': '98-f5c810ab87c5a9d4100da1fba1ab6a54',
21 verbose headers   server: 'cloudflare' }
22 silly get cb [ 304,
22 silly get   { date: 'Sun, 24 Feb 2019 00:24:23 GMT',
22 silly get     connection: 'keep-alive',
22 silly get     'set-cookie': [ '__cfduid=d5c3a39fde8aff523eca2f3f7f7216bab1550967863; expires=Mon, 24-Feb-20 00:24:23 GMT; path=/; domain=.registry.npmjs.org; HttpOnly' ],
22 silly get     'cf-cache-status': 'HIT',
22 silly get     'cache-control': 'max-age=300',
22 silly get     'cf-ray': '4addc9f8ae7f28a6-SJC',
22 silly get     etag: '"bcffea2f69aac7abfa570bf3b20de6a0"',
22 silly get     'expect-ct': 'max-age=604800, report-uri="https://report-uri.cloudflare.com/cdn-cgi/beacon/expect-ct"',
22 silly get     'last-modified': 'Fri, 18 Jan 2019 15:54:31 GMT',
22 silly get     vary: 'accept-encoding, accept',
22 silly get     'x-amz-meta-rev': '98-f5c810ab87c5a9d4100da1fba1ab6a54',
22 silly get     server: 'cloudflare' } ]
23 verbose etag https://registry.npmjs.org/fsevents from cache
24 verbose get saving fsevents to C:\Users\cheddi\AppData\Roaming\npm-cache\registry.npmjs.org\fsevents\.cache.json
25 verbose correctMkdir C:\Users\cheddi\AppData\Roaming\npm-cache correctMkdir not in flight; initializing
26 silly install normalizeTree
27 silly loadCurrentTree Finishing
28 silly loadIdealTree Starting
29 silly install loadIdealTree
30 silly cloneCurrentTree Starting
31 silly install cloneCurrentTreeToIdealTree
32 silly cloneCurrentTree Finishing
33 silly loadShrinkwrap Starting
34 silly install loadShrinkwrap
35 silly loadShrinkwrap Finishing
36 silly loadAllDepsIntoIdealTree Starting
37 silly install loadAllDepsIntoIdealTree
38 silly rollbackFailedOptional Starting
39 silly rollbackFailedOptional Finishing
40 silly runTopLevelLifecycles Starting
41 silly runTopLevelLifecycles Finishing
42 silly install printInstalled
43 verbose stack Error: Unsupported platform for fsevents@1.2.7: wanted {"name":"fsevents","version":"1.2.7","description":"Native Access to Mac OS-X FSEvents","main":"fsevents.js","dependencies":{"nan":"^2.9.2","node-pre-gyp":"^0.10.0"},"os":["darwin"],"engines":{"node":">=4.0"},"scripts":{"install":"node install","prepublish":"if [ $(npm -v | head -c 1) -lt 3 ]; then exit 1; fi && npm dedupe","test":"tap ./test","node-pre-gyp":"node-pre-gyp"},"binary":{"module_name":"fse","module_path":"./lib/binding/{configuration}/{node_abi}-{platform}-{arch}/","remote_path":"./v{version}/","package_name":"{module_name}-v{version}-{node_abi}-{platform}-{arch}.tar.gz","host":"https://fsevents-binaries.s3-us-west-2.amazonaws.com"},"repository":{"type":"git","url":"git+https://github.com/strongloop/fsevents.git"},"keywords":["fsevents","mac"],"author":{"name":"Philipp Dunkel","email":"pip@pipobscure.com"},"license":"MIT","bugs":{"url":"https://github.com/strongloop/fsevents/issues"},"homepage":"https://github.com/strongloop/fsevents","devDependencies":{"tap":"~0.4.8"},"gitHead":"581ee4b38e07024ac0bf747aa398440d99c84b6c","bundleDependencies":["node-pre-gyp"],"_id":"fsevents@1.2.7","_npmVersion":"6.4.1","_nodeVersion":"11.0.0","_npmUser":{"name":"pipobscure","email":"pip@pipobscure.com"},"dist":{"integrity":"sha512-Pxm6sI2MeBD7RdD12RYsqaP0nMiwx8eZBXCa6z2L+mRHm2DYrOYwihmhjpkdjUHwQhslWQjRpEgNq4XvBmaAuw==","shasum":"4851b664a3783e52003b3c66eb0eee1074933aa4","tarball":"https://registry.npmjs.org/fsevents/-/fsevents-1.2.7.tgz","fileCount":539,"unpackedSize":1868964,"npm-signature":"-----BEGIN PGP SIGNATURE-----\r\nVersion: OpenPGP.js v3.0.4\r\nComment: https://openpgpjs.org\r\n\r\nwsFcBAEBCAAQBQJcQfa0CRA9TVsSAnZWagAANW4QAJQ9k1TGZgD1gDEXIqvK\n4q9ujt9xIAP4lKDL8cV69wsKIr9DowaWWhn+oGc/jyf+z7iab5Oaxu4Xl0kx\nAPrfve6sGkx7Jogqg/io736S5iUsZKwaNqxDjDgRMk41oCs5O3U33R59m3Nt\nE0sM4VYKnLKNFaZUzEqo7Mcu+CFYAuvwcTvqD95jeQ2bU/UKehCZ2pbOEVRr\nZP2zqT7KUzChbHfu4b8o5DAJT2pRdjiKI/CP6HEp+Y82e9VePXiQtODCceUN\nt5bvoSh2MfsWdYklaB/mIXjyr/1kHu7AQaXv2t1o6Os6Qjf41GitJwo+fGva\n6ZCSPUpJfN/72A6emlSYGYshChXDxVJ+5DEa1+TcuVOWN4xVZoiZNol8BNTu\n3V8FDNyJqvSPpPKkw3XVR7jOKxeXN4C74OD6gBOY9UyaldvFwCRMzuXl9El9\nQ9DCb+z3Dc7UU3eppHISgmcKdtJmqZFH/XUTDp0lvhWfTp4gJU+oet9/Mb0q\nKjCd4aGE6xsmPUc5VjAxRQB44ne+QO61+cndUHF3XrTmBp0VhY7Uem9a+3A0\nakOm3R6jVMkgdu7ubwaPCMsI/lDmjc9lDatKJlDp7AAjoXQ4DjeXmicxgTiF\nPfPfs4MJyvAAoJC8SZxJZSw08ioe6XNPRufJB524RlFAlumQJDIk1pGMdqvq\n85gB\r\n=PxhU\r\n-----END PGP SIGNATURE-----\r\n"},"maintainers":[{"name":"bajtos","email":"mbajtoss@gmail.com"},{"name":"bnoordhuis","email":"info@bnoordhuis.nl"},{"name":"es128","email":"elan.shanker+npm@gmail.com"},{"name":"pipobscure","email":"pip@pipobscure.com"}],"directories":{},"_npmOperationalInternal":{"host":"s3://npm-registry-packages","tmp":"tmp/fsevents_1.2.7_1547826867585_0.6707229969998358"},"_hasShrinkwrap":false,"_requested":{"raw":"fsevents","scope":null,"name":"fsevents","rawSpec":"","spec":"latest","type":"tag"},"_spec":"fsevents","_where":"C:\\Users\\cheddi\\WebstormProjects\\pt_website_angular","_args":[["fsevents","C:\\Users\\cheddi\\WebstormProjects\\pt_website_angular"]],"readme":"ERROR: No README data found!"} (current: {"os":"win32","cpu":"x64"})
43 verbose stack     at checkPlatform (C:\Users\cheddi\AppData\Roaming\npm\node_modules\npm\node_modules\npm-install-checks\index.js:45:14)
43 verbose stack     at thenWarnEngineIssues (C:\Users\cheddi\AppData\Roaming\npm\node_modules\npm\lib\install\validate-args.js:41:5)
43 verbose stack     at C:\Users\cheddi\AppData\Roaming\npm\node_modules\npm\node_modules\iferr\index.js:13:50
43 verbose stack     at checkEngine (C:\Users\cheddi\AppData\Roaming\npm\node_modules\npm\node_modules\npm-install-checks\index.js:24:10)
43 verbose stack     at module.exports.isInstallable (C:\Users\cheddi\AppData\Roaming\npm\node_modules\npm\lib\install\validate-args.js:38:3)
43 verbose stack     at Array.<anonymous> (C:\Users\cheddi\AppData\Roaming\npm\node_modules\npm\node_modules\slide\lib\bind-actor.js:15:8)
43 verbose stack     at LOOP (C:\Users\cheddi\AppData\Roaming\npm\node_modules\npm\node_modules\slide\lib\chain.js:15:14)
43 verbose stack     at C:\Users\cheddi\AppData\Roaming\npm\node_modules\npm\node_modules\slide\lib\chain.js:18:7
43 verbose stack     at checkSelf (C:\Users\cheddi\AppData\Roaming\npm\node_modules\npm\lib\install\validate-args.js:46:72)
43 verbose stack     at Array.<anonymous> (C:\Users\cheddi\AppData\Roaming\npm\node_modules\npm\node_modules\slide\lib\bind-actor.js:15:8)
44 verbose pkgid fsevents@1.2.7
45 verbose cwd C:\Users\cheddi\WebstormProjects\pt_website_angular
46 error Windows_NT 10.0.17134
47 error argv "C:\\Program Files\\nodejs\\node.exe" "C:\\Users\\cheddi\\AppData\\Roaming\\npm\\node_modules\\npm\\bin\\npm-cli.js" "i" "fsevents"
48 error node v5.8.0
49 error npm  v3.8.1
50 error code EBADPLATFORM
51 error notsup Not compatible with your operating system or architecture: fsevents@1.2.7
52 error notsup Valid OS:    darwin
52 error notsup Valid Arch:  any
52 error notsup Actual OS:   win32
52 error notsup Actual Arch: x64
53 verbose exit [ 1, true ]
